<?xml version="1.0" encoding="UTF-8"?>
<testng-results skipped="0" failed="1" ignored="0" total="3" passed="2">
  <reporter-output>
  </reporter-output>
  <suite name="Default suite" duration-ms="94466" started-at="2020-02-08T13:24:05Z" finished-at="2020-02-08T13:25:39Z">
    <groups>
    </groups>
    <test name="Default test" duration-ms="94466" started-at="2020-02-08T13:24:05Z" finished-at="2020-02-08T13:25:39Z">
      <class name="stepDefinition.RadnaKlasa">
        <test-method status="PASS" signature="setup()[pri:0, instance:stepDefinition.RadnaKlasa@3bfdc050]" name="setup" is-config="true" duration-ms="7097" started-at="2020-02-08T13:24:05Z" finished-at="2020-02-08T13:24:12Z">
          <reporter-output>
          </reporter-output>
        </test-method> <!-- setup -->
        <test-method status="PASS" signature="test()[pri:0, instance:stepDefinition.RadnaKlasa@3bfdc050]" name="test" duration-ms="17324" started-at="2020-02-08T13:24:12Z" finished-at="2020-02-08T13:24:29Z">
          <reporter-output>
          </reporter-output>
        </test-method> <!-- test -->
        <test-method status="PASS" signature="tearDown()[pri:0, instance:stepDefinition.RadnaKlasa@3bfdc050]" name="tearDown" is-config="true" duration-ms="298" started-at="2020-02-08T13:24:29Z" finished-at="2020-02-08T13:24:30Z">
          <reporter-output>
          </reporter-output>
        </test-method> <!-- tearDown -->
        <test-method status="PASS" signature="setup()[pri:0, instance:stepDefinition.RadnaKlasa@3bfdc050]" name="setup" is-config="true" duration-ms="5518" started-at="2020-02-08T13:24:30Z" finished-at="2020-02-08T13:24:35Z">
          <reporter-output>
          </reporter-output>
        </test-method> <!-- setup -->
        <test-method status="PASS" signature="test2()[pri:0, instance:stepDefinition.RadnaKlasa@3bfdc050]" name="test2" duration-ms="30960" started-at="2020-02-08T13:24:35Z" finished-at="2020-02-08T13:25:06Z">
          <reporter-output>
          </reporter-output>
        </test-method> <!-- test2 -->
        <test-method status="PASS" signature="tearDown()[pri:0, instance:stepDefinition.RadnaKlasa@3bfdc050]" name="tearDown" is-config="true" duration-ms="502" started-at="2020-02-08T13:25:06Z" finished-at="2020-02-08T13:25:07Z">
          <reporter-output>
          </reporter-output>
        </test-method> <!-- tearDown -->
        <test-method status="PASS" signature="setup()[pri:0, instance:stepDefinition.RadnaKlasa@3bfdc050]" name="setup" is-config="true" duration-ms="5449" started-at="2020-02-08T13:25:07Z" finished-at="2020-02-08T13:25:12Z">
          <reporter-output>
          </reporter-output>
        </test-method> <!-- setup -->
        <test-method status="FAIL" signature="test3()[pri:0, instance:stepDefinition.RadnaKlasa@3bfdc050]" name="test3" duration-ms="26859" started-at="2020-02-08T13:25:12Z" finished-at="2020-02-08T13:25:39Z">
          <exception class="java.lang.AssertionError">
            <message>
              <![CDATA[null]]>
            </message>
            <full-stacktrace>
              <![CDATA[java.lang.AssertionError: null
at org.testng.Assert.fail(Assert.java:96)
at org.testng.Assert.fail(Assert.java:103)
at stepDefinition.RadnaKlasa.test3(RadnaKlasa.java:260)
at sun.reflect.NativeMethodAccessorImpl.invoke0(Native Method)
at sun.reflect.NativeMethodAccessorImpl.invoke(NativeMethodAccessorImpl.java:62)
at sun.reflect.DelegatingMethodAccessorImpl.invoke(DelegatingMethodAccessorImpl.java:43)
at java.lang.reflect.Method.invoke(Method.java:498)
at org.testng.internal.MethodInvocationHelper.invokeMethod(MethodInvocationHelper.java:124)
at org.testng.internal.Invoker.invokeMethod(Invoker.java:580)
at org.testng.internal.Invoker.invokeTestMethod(Invoker.java:716)
at org.testng.internal.Invoker.invokeTestMethods(Invoker.java:988)
at org.testng.internal.TestMethodWorker.invokeTestMethods(TestMethodWorker.java:125)
at org.testng.internal.TestMethodWorker.run(TestMethodWorker.java:109)
at org.testng.TestRunner.privateRun(TestRunner.java:648)
at org.testng.TestRunner.run(TestRunner.java:505)
at org.testng.SuiteRunner.runTest(SuiteRunner.java:455)
at org.testng.SuiteRunner.runSequentially(SuiteRunner.java:450)
at org.testng.SuiteRunner.privateRun(SuiteRunner.java:415)
at org.testng.SuiteRunner.run(SuiteRunner.java:364)
at org.testng.SuiteRunnerWorker.runSuite(SuiteRunnerWorker.java:52)
at org.testng.SuiteRunnerWorker.run(SuiteRunnerWorker.java:84)
at org.testng.TestNG.runSuitesSequentially(TestNG.java:1208)
at org.testng.TestNG.runSuitesLocally(TestNG.java:1137)
at org.testng.TestNG.runSuites(TestNG.java:1049)
at org.testng.TestNG.run(TestNG.java:1017)
at org.testng.remote.AbstractRemoteTestNG.run(AbstractRemoteTestNG.java:114)
at org.testng.remote.RemoteTestNG.initAndRun(RemoteTestNG.java:251)
at org.testng.remote.RemoteTestNG.main(RemoteTestNG.java:77)
]]>
            </full-stacktrace>
          </exception> <!-- java.lang.AssertionError -->
          <reporter-output>
          </reporter-output>
        </test-method> <!-- test3 -->
        <test-method status="PASS" signature="tearDown()[pri:0, instance:stepDefinition.RadnaKlasa@3bfdc050]" name="tearDown" is-config="true" duration-ms="410" started-at="2020-02-08T13:25:39Z" finished-at="2020-02-08T13:25:39Z">
          <reporter-output>
          </reporter-output>
        </test-method> <!-- tearDown -->
      </class> <!-- stepDefinition.RadnaKlasa -->
    </test> <!-- Default test -->
  </suite> <!-- Default suite -->
</testng-results>
